120 conditions (0 grid points skipped: [])
/usr/lib/python3.12/multiprocessing/resource_tracker.py:254: UserWarning: resource_tracker: There appear to be 6 leaked semaphore objects to clean up at shutdown
  warnings.warn('resource_tracker: There appear to be %d '
120 conditions (0 grid points skipped: [])
resuming: 47 conditions already complete
/usr/lib/python3.12/multiprocessing/resource_tracker.py:254: UserWarning: resource_tracker: There appear to be 6 leaked semaphore objects to clean up at shutdown
  warnings.warn('resource_tracker: There appear to be %d '
120 conditions (0 grid points skipped: [])
resuming: 47 conditions already complete
[1/73] w+00.0_p+02.0_m030 f*=0.185 N (18 trials, 741s) ETA 891 min
[2/73] w+00.0_p+04.0_m030 f*=0.179 N (18 trials, 757s) ETA 449 min
[3/73] w+00.0_p+00.0_m030 f*=0.198 N (18 trials, 761s) ETA 297 min
[4/73] w+00.0_p-05.0_m060 f*=0.617 N (18 trials, 795s) ETA 229 min
[5/73] w+00.0_p-02.0_m060 f*=0.180 N (18 trials, 1018s) ETA 231 min
[6/73] w+00.0_p-05.0_m120 f*=1.766 N (18 trials, 1080s) ETA 201 min
[7/73] w+00.0_p+00.0_m120 f*=nan N (4 trials, 1098s) ETA 173 min
[8/73] w+00.0_p+00.0_m060 f*=0.527 N (18 trials, 1119s) ETA 152 min
[9/73] w+00.0_p-02.0_m030 f*=0.173 N (18 trials, 1128s) ETA 134 min
[10/73] w-07.5_p+10.0_m060 f*=0.360 N (18 trials, 1134s) ETA 119 min
[11/73] w+00.0_p+02.0_m120 f*=nan N (4 trials, 1227s) ETA 115 min
[12/73] w+00.0_p+02.0_m060 f*=0.527 N (18 trials, 1268s) ETA 108 min
[13/73] w-07.5_p+08.0_m060 f*=0.368 N (18 trials, 1417s) ETA 109 min
[14/73] w+07.5_p-05.0_m060 f*=nan N (6 trials, 152s) ETA 110 min
[15/73] w+07.5_p-05.0_m120 f*=nan N (4 trials, 49s) ETA 104 min
[16/73] w+00.0_p+06.0_m030 f*=0.179 N (18 trials, 867s) ETA 97 min
[17/73] w+00.0_p-02.0_m120 f*=0.306 N (18 trials, 1653s) ETA 91 min
[18/73] w+07.5_p-02.0_m120 f*=nan N (4 trials, 59s) ETA 87 min
[19/73] w+07.5_p-05.0_m030 f*=0.336 N (18 trials, 706s) ETA 94 min
[20/73] w+00.0_p+04.0_m120 f*=nan N (4 trials, 1239s) ETA 88 min
[21/73] w+00.0_p+08.0_m030 f*=0.179 N (18 trials, 930s) ETA 83 min
[22/73] w+00.0_p+10.0_m030 f*=0.179 N (18 trials, 980s) ETA 81 min
[23/73] w+00.0_p+06.0_m060 f*=0.421 N (18 trials, 1329s) ETA 77 min
[24/73] w+00.0_p+04.0_m060 f*=0.440 N (18 trials, 1453s) ETA 75 min
[25/73] w+00.0_p+08.0_m060 f*=0.360 N (18 trials, 1109s) ETA 71 min
[26/73] w+07.5_p+00.0_m120 f*=nan N (4 trials, 223s) ETA 67 min
[27/73] w+00.0_p+06.0_m120 f*=nan N (4 trials, 1285s) ETA 65 min
[28/73] w+07.5_p+02.0_m120 f*=nan N (4 trials, 237s) ETA 63 min
[29/73] w+00.0_p+08.0_m120 f*=nan N (4 trials, 1280s) ETA 61 min
[30/73] w+07.5_p+04.0_m120 f*=nan N (4 trials, 247s) ETA 59 min
[31/73] w+07.5_p+00.0_m030 f*=0.198 N (18 trials, 767s) ETA 56 min
[32/73] w+00.0_p+10.0_m120 f*=nan N (4 trials, 1289s) ETA 54 min
[33/73] w+07.5_p+06.0_m120 f*=nan N (4 trials, 261s) ETA 54 min
[34/73] w+07.5_p-02.0_m060 f*=0.180 N (18 trials, 1051s) ETA 51 min
[35/73] w+07.5_p-02.0_m030 f*=0.173 N (18 trials, 1115s) ETA 49 min
[36/73] w+07.5_p+02.0_m030 f*=0.185 N (18 trials, 743s) ETA 47 min
[37/73] w+07.5_p+08.0_m120 f*=nan N (4 trials, 276s) ETA 45 min
[38/73] w+00.0_p+10.0_m060 f*=nan N (6 trials, 1695s) ETA 43 min
[39/73] w+07.5_p+04.0_m030 f*=0.179 N (18 trials, 771s) ETA 43 min
[40/73] w+07.5_p+10.0_m120 f*=nan N (4 trials, 286s) ETA 42 min
[41/73] w+07.5_p+00.0_m060 f*=0.527 N (18 trials, 1119s) ETA 40 min
[42/73] w+15.0_p-05.0_m120 f*=nan N (4 trials, 278s) ETA 38 min
[43/73] w+07.5_p+06.0_m030 f*=0.179 N (18 trials, 916s) ETA 37 min
[44/73] w+07.5_p+04.0_m060 f*=0.421 N (18 trials, 1025s) ETA 36 min
[45/73] w+15.0_p-05.0_m030 f*=0.441 N (18 trials, 556s) ETA 34 min
[46/73] w+07.5_p+02.0_m060 f*=0.482 N (18 trials, 1245s) ETA 33 min
[47/73] w+15.0_p+00.0_m120 f*=nan N (4 trials, 210s) ETA 32 min
[48/73] w+07.5_p+08.0_m030 f*=0.179 N (18 trials, 988s) ETA 30 min
[49/73] w+07.5_p+08.0_m060 f*=0.360 N (18 trials, 996s) ETA 28 min
[50/73] w+15.0_p-02.0_m120 f*=nan N (4 trials, 399s) ETA 27 min
[51/73] w+15.0_p-05.0_m060 f*=0.883 N (18 trials, 736s) ETA 25 min
[52/73] w+07.5_p+10.0_m030 f*=0.176 N (18 trials, 941s) ETA 24 min
[53/73] w+07.5_p+06.0_m060 f*=0.403 N (18 trials, 1242s) ETA 23 min
/usr/lib/python3.12/multiprocessing/resource_tracker.py:254: UserWarning: resource_tracker: There appear to be 6 leaked semaphore objects to clean up at shutdown
  warnings.warn('resource_tracker: There appear to be %d '
120 conditions (0 grid points skipped: [])
resuming: 100 conditions already complete
[1/20] w+15.0_p+00.0_m030 f*=0.192 N (18 trials, 370s) ETA 117 min
[2/20] w+15.0_p+02.0_m030 f*=0.185 N (18 trials, 414s) ETA 62 min
[3/20] w+15.0_p+02.0_m120 f*=nan N (4 trials, 133s) ETA 52 min
[4/20] w+15.0_p+00.0_m060 f*=0.482 N (18 trials, 600s) ETA 40 min
[5/20] w+07.5_p+10.0_m060 f*=0.360 N (18 trials, 605s) ETA 30 min
[6/20] w+15.0_p-02.0_m030 f*=0.151 N (18 trials, 640s) ETA 25 min
[7/20] w+15.0_p-02.0_m060 f*=0.180 N (18 trials, 648s) ETA 20 min
[8/20] w+15.0_p+04.0_m120 f*=nan N (4 trials, 143s) ETA 19 min
[9/20] w+15.0_p+06.0_m120 f*=nan N (4 trials, 148s) ETA 18 min
[10/20] w+15.0_p+04.0_m030 f*=0.179 N (18 trials, 458s) ETA 17 min
[11/20] w+15.0_p+02.0_m060 f*=0.482 N (18 trials, 715s) ETA 15 min
[12/20] w+15.0_p+06.0_m030 f*=0.176 N (18 trials, 475s) ETA 12 min
[13/20] w+15.0_p+04.0_m060 f*=0.403 N (18 trials, 580s) ETA 11 min
[14/20] w+15.0_p+08.0_m120 f*=nan N (4 trials, 154s) ETA 9 min
[15/20] w+15.0_p+06.0_m060 f*=0.385 N (18 trials, 651s) ETA 7 min
[16/20] w+15.0_p+10.0_m120 f*=nan N (4 trials, 150s) ETA 6 min
[17/20] w+15.0_p+08.0_m030 f*=0.176 N (18 trials, 515s) ETA 4 min
[18/20] w+15.0_p+10.0_m030 f*=0.176 N (18 trials, 485s) ETA 3 min
[19/20] w+15.0_p+08.0_m060 f*=0.368 N (18 trials, 665s) ETA 1 min
[20/20] w+15.0_p+10.0_m060 f*=0.360 N (18 trials, 496s) ETA 0 min

condition summaries:
           cond_id  wave_deg  pip_deg  mcp_solved_deg  mass      gap  tilt_deg   f_star  n_trials  n_no_grasp       wall_s
w-15.0_p+00.0_m120     -15.0      0.0        1.744995  0.12 0.024000  0.761792      NaN         4           0   233.066440
w-15.0_p+02.0_m120     -15.0      2.0        0.476990  0.12 0.024001  0.815129      NaN         4           0   250.615529
w-15.0_p-05.0_m120     -15.0     -5.0        4.635925  0.12 0.024001  0.093024      NaN         4           1   280.000123
w-15.0_p-02.0_m120     -15.0     -2.0        2.958679  0.12 0.024000  0.874199      NaN         4           0   410.039459
w-15.0_p+04.0_m120     -15.0      4.0       -0.787659  0.12 0.024000  0.540376      NaN         4           0   249.090661
w-15.0_p-05.0_m030     -15.0     -5.0        4.635925  0.03 0.024001  0.093024 0.441450        18          12   551.821410
w-15.0_p+00.0_m030     -15.0      0.0        1.744995  0.03 0.024000  0.761792 0.191767        18           0   650.770921
w-15.0_p+06.0_m120     -15.0      6.0       -2.051086  0.12 0.024000  0.869830      NaN         4           0   268.268241
w-15.0_p+02.0_m030     -15.0      2.0        0.476990  0.03 0.024001  0.815129 0.185351        18           0   725.738811
w-15.0_p+04.0_m030     -15.0      4.0       -0.787659  0.03 0.024000  0.540376 0.179149        18           0   751.611178
w-15.0_p-05.0_m060     -15.0     -5.0        4.635925  0.06 0.024001  0.093024 0.882900        18          12   755.996979
w-15.0_p+08.0_m120     -15.0      8.0       -3.310852  0.12 0.024001  0.801999      NaN         4           0   283.303224
w-15.0_p+04.0_m060     -15.0      4.0       -0.787659  0.06 0.024000  0.540376 0.402672        18           0   961.563654
w-07.5_p-05.0_m120      -7.5     -5.0        4.635925  0.12 0.024001  0.093024      NaN         4           1    47.239273
w-15.0_p+10.0_m120     -15.0     10.0       -4.564514  0.12 0.024000  0.447233      NaN         4           0   297.305157
w-15.0_p+00.0_m060     -15.0      0.0        1.744995  0.06 0.024000  0.761792 0.481820        18           0  1060.952667
w-15.0_p+06.0_m030     -15.0      6.0       -2.051086  0.03 0.024000  0.869830 0.179149        18           0   825.084965
w-07.5_p-05.0_m060      -7.5     -5.0        4.635925  0.06 0.024001  0.093024      NaN         6           2   144.823820
w-15.0_p-02.0_m030     -15.0     -2.0        2.958679  0.03 0.024000  0.874199 0.151118        18           0  1110.232525
w-07.5_p-02.0_m120      -7.5     -2.0        2.958679  0.12 0.024000  0.874199      NaN         4           0    56.102993
w-15.0_p-02.0_m060     -15.0     -2.0        2.958679  0.06 0.024000  0.874199 0.179576        18           0  1147.679191
w-15.0_p+02.0_m060     -15.0      2.0        0.476990  0.06 0.024001  0.815129 0.481820        18           0  1261.271928
w-07.5_p-02.0_m060      -7.5     -2.0        2.958679  0.06 0.024000  0.874199      NaN         6           0   267.362087
w-07.5_p+00.0_m120      -7.5      0.0        1.744995  0.12 0.024000  0.761792      NaN         4           0   222.653619
w-15.0_p+08.0_m030     -15.0      8.0       -3.310852  0.03 0.024001  0.801999 0.179149        18           0   920.677457
w-07.5_p-05.0_m030      -7.5     -5.0        4.635925  0.03 0.024001  0.093024 0.336235        18          10   693.446835
w-15.0_p+06.0_m060     -15.0      6.0       -2.051086  0.06 0.024000  0.869830 0.402672        18           0  1178.583651
w-07.5_p+02.0_m120      -7.5      2.0        0.476990  0.12 0.024001  0.815129      NaN         4           0   235.990131
w-07.5_p+04.0_m120      -7.5      4.0       -0.787659  0.12 0.024000  0.540376      NaN         4           0   237.968316
w-15.0_p+10.0_m030     -15.0     10.0       -4.564514  0.03 0.024000  0.447233 0.179149        18           0   990.633958
w-07.5_p+06.0_m120      -7.5      6.0       -2.051086  0.12 0.024000  0.869830      NaN         4           0   257.322007
w-15.0_p+08.0_m060     -15.0      8.0       -3.310852  0.06 0.024001  0.801999 0.368115        18           0  1257.434007
w-07.5_p+00.0_m030      -7.5      0.0        1.744995  0.03 0.024000  0.761792 0.198406        18           0   751.512967
w-07.5_p+02.0_m030      -7.5      2.0        0.476990  0.03 0.024001  0.815129 0.185351        18           0   733.383317
w-07.5_p+08.0_m120      -7.5      8.0       -3.310852  0.12 0.024001  0.801999      NaN         4           0   396.877034
w-07.5_p+04.0_m030      -7.5      4.0       -0.787659  0.03 0.024000  0.540376 0.179149        18           0   937.808818
w-07.5_p-02.0_m030      -7.5     -2.0        2.958679  0.03 0.024000  0.874199 0.173155        18           0  1279.077380
w-07.5_p+10.0_m120      -7.5     10.0       -4.564514  0.12 0.024000  0.447233      NaN         4           0   437.669658
w-15.0_p+10.0_m060     -15.0     10.0       -4.564514  0.06 0.024000  0.447233 0.368115        18           0  1589.741678
w-07.5_p+00.0_m060      -7.5      0.0        1.744995  0.06 0.024000  0.761792 0.527050        18           0  1302.378191
w-07.5_p+06.0_m030      -7.5      6.0       -2.051086  0.03 0.024000  0.869830 0.179149        18           0  1024.678629
w-07.5_p+04.0_m060      -7.5      4.0       -0.787659  0.06 0.024000  0.540376 0.421148        18           0  1178.884659
w-07.5_p+02.0_m060      -7.5      2.0        0.476990  0.06 0.024001  0.815129 0.481820        18           0  1424.852342
w-07.5_p+08.0_m030      -7.5      8.0       -3.310852  0.03 0.024001  0.801999 0.179149        18           0  1112.506476
w-07.5_p+06.0_m060      -7.5      6.0       -2.051086  0.06 0.024000  0.869830 0.402672        18           0 11632.034259
w-07.5_p+10.0_m030      -7.5     10.0       -4.564514  0.03 0.024000  0.447233 0.179149        18           0 11347.488734
w+00.0_p-05.0_m030       0.0     -5.0        4.635925  0.03 0.024001  0.093024 0.336235        18           8 11031.831271
w+00.0_p+02.0_m030       0.0      2.0        0.476990  0.03 0.024001  0.815129 0.185351        18           0   741.353611
w+00.0_p+04.0_m030       0.0      4.0       -0.787659  0.03 0.024000  0.540376 0.179149        18           0   757.345659
w+00.0_p+00.0_m030       0.0      0.0        1.744995  0.03 0.024000  0.761792 0.198406        18           0   761.273067
w+00.0_p-05.0_m060       0.0     -5.0        4.635925  0.06 0.024001  0.093024 0.616657        18          10   794.676724
w+00.0_p-02.0_m060       0.0     -2.0        2.958679  0.06 0.024000  0.874199 0.179576        18           0  1018.278292
w+00.0_p-05.0_m120       0.0     -5.0        4.635925  0.12 0.024001  0.093024 1.765800        18          10  1079.538456
w+00.0_p+00.0_m120       0.0      0.0        1.744995  0.12 0.024000  0.761792      NaN         4           0  1097.621545
w+00.0_p+00.0_m060       0.0      0.0        1.744995  0.06 0.024000  0.761792 0.527050        18           0  1119.261921
w+00.0_p-02.0_m030       0.0     -2.0        2.958679  0.03 0.024000  0.874199 0.173155        18           0  1128.007890
w-07.5_p+10.0_m060      -7.5     10.0       -4.564514  0.06 0.024000  0.447233 0.359950        18           0  1134.165289
w+00.0_p+02.0_m120       0.0      2.0        0.476990  0.12 0.024001  0.815129      NaN         4           0  1226.854296
w+00.0_p+02.0_m060       0.0      2.0        0.476990  0.06 0.024001  0.815129 0.527050        18           0  1267.984694
w-07.5_p+08.0_m060      -7.5      8.0       -3.310852  0.06 0.024001  0.801999 0.368115        18           0  1417.416637
w+07.5_p-05.0_m060       7.5     -5.0        4.635925  0.06 0.024001  0.093024      NaN         6           2   152.180777
w+07.5_p-05.0_m120       7.5     -5.0        4.635925  0.12 0.024001  0.093024      NaN         4           1    49.390046
w+00.0_p+06.0_m030       0.0      6.0       -2.051086  0.03 0.024000  0.869830 0.179149        18           0   867.177429
w+00.0_p-02.0_m120       0.0     -2.0        2.958679  0.12 0.024000  0.874199 0.305527        18           0  1653.345438
w+07.5_p-02.0_m120       7.5     -2.0        2.958679  0.12 0.024000  0.874199      NaN         4           0    59.456009
w+07.5_p-05.0_m030       7.5     -5.0        4.635925  0.03 0.024001  0.093024 0.336235        18          10   705.795018
w+00.0_p+04.0_m120       0.0      4.0       -0.787659  0.12 0.024000  0.540376      NaN         4           0  1239.221757
w+00.0_p+08.0_m030       0.0      8.0       -3.310852  0.03 0.024001  0.801999 0.179149        18           0   929.977407
w+00.0_p+10.0_m030       0.0     10.0       -4.564514  0.03 0.024000  0.447233 0.179149        18           0   979.819381
w+00.0_p+06.0_m060       0.0      6.0       -2.051086  0.06 0.024000  0.869830 0.421148        18           0  1328.951829
w+00.0_p+04.0_m060       0.0      4.0       -0.787659  0.06 0.024000  0.540376 0.440472        18           0  1452.737402
w+00.0_p+08.0_m060       0.0      8.0       -3.310852  0.06 0.024001  0.801999 0.359950        18           0  1108.838520
w+07.5_p+00.0_m120       7.5      0.0        1.744995  0.12 0.024000  0.761792      NaN         4           0   223.201710
w+00.0_p+06.0_m120       0.0      6.0       -2.051086  0.12 0.024000  0.869830      NaN         4           0  1284.793339
w+07.5_p+02.0_m120       7.5      2.0        0.476990  0.12 0.024001  0.815129      NaN         4           0   237.456889
w+00.0_p+08.0_m120       0.0      8.0       -3.310852  0.12 0.024001  0.801999      NaN         4           0  1279.502209
w+07.5_p+04.0_m120       7.5      4.0       -0.787659  0.12 0.024000  0.540376      NaN         4           0   247.102989
w+07.5_p+00.0_m030       7.5      0.0        1.744995  0.03 0.024000  0.761792 0.198406        18           0   766.916541
w+00.0_p+10.0_m120       0.0     10.0       -4.564514  0.12 0.024000  0.447233      NaN         4           0  1288.928445
w+07.5_p+06.0_m120       7.5      6.0       -2.051086  0.12 0.024000  0.869830      NaN         4           0   260.520346
w+07.5_p-02.0_m060       7.5     -2.0        2.958679  0.06 0.024000  0.874199 0.179576        18           0  1050.807717
w+07.5_p-02.0_m030       7.5     -2.0        2.958679  0.03 0.024000  0.874199 0.173155        18           0  1115.020220
w+07.5_p+02.0_m030       7.5      2.0        0.476990  0.03 0.024001  0.815129 0.185351        18           0   742.527816
w+07.5_p+08.0_m120       7.5      8.0       -3.310852  0.12 0.024001  0.801999      NaN         4           0   275.656547
w+00.0_p+10.0_m060       0.0     10.0       -4.564514  0.06 0.024000  0.447233      NaN         6           0  1694.665286
w+07.5_p+04.0_m030       7.5      4.0       -0.787659  0.03 0.024000  0.540376 0.179149        18           0   770.707663
w+07.5_p+10.0_m120       7.5     10.0       -4.564514  0.12 0.024000  0.447233      NaN         4           0   285.669734
w+07.5_p+00.0_m060       7.5      0.0        1.744995  0.06 0.024000  0.761792 0.527050        18           0  1118.684288
w+15.0_p-05.0_m120      15.0     -5.0        4.635925  0.12 0.024001  0.093024      NaN         4           1   277.932096
w+07.5_p+06.0_m030       7.5      6.0       -2.051086  0.03 0.024000  0.869830 0.179149        18           0   915.780162
w+07.5_p+04.0_m060       7.5      4.0       -0.787659  0.06 0.024000  0.540376 0.421148        18           0  1024.742365
w+15.0_p-05.0_m030      15.0     -5.0        4.635925  0.03 0.024001  0.093024 0.441450        18          12   556.233703
w+07.5_p+02.0_m060       7.5      2.0        0.476990  0.06 0.024001  0.815129 0.481820        18           0  1245.082397
w+15.0_p+00.0_m120      15.0      0.0        1.744995  0.12 0.024000  0.761792      NaN         4           0   210.308957
w+07.5_p+08.0_m030       7.5      8.0       -3.310852  0.03 0.024001  0.801999 0.179149        18           0   988.120142
w+07.5_p+08.0_m060       7.5      8.0       -3.310852  0.06 0.024001  0.801999 0.359950        18           0   996.081096
w+15.0_p-02.0_m120      15.0     -2.0        2.958679  0.12 0.024000  0.874199      NaN         4           0   398.604496
w+15.0_p-05.0_m060      15.0     -5.0        4.635925  0.06 0.024001  0.093024 0.882900        18          12   736.279631
w+07.5_p+10.0_m030       7.5     10.0       -4.564514  0.03 0.024000  0.447233 0.176127        18           0   940.779360
w+07.5_p+06.0_m060       7.5      6.0       -2.051086  0.06 0.024000  0.869830 0.402672        18           0  1241.948200
w+15.0_p+00.0_m030      15.0      0.0        1.744995  0.03 0.024000  0.761792 0.191767        18           0   369.654403
w+15.0_p+02.0_m030      15.0      2.0        0.476990  0.03 0.024001  0.815129 0.185351        18           0   414.435468
w+15.0_p+02.0_m120      15.0      2.0        0.476990  0.12 0.024001  0.815129      NaN         4           0   132.845665
w+15.0_p+00.0_m060      15.0      0.0        1.744995  0.06 0.024000  0.761792 0.481820        18           0   599.656224
w+07.5_p+10.0_m060       7.5     10.0       -4.564514  0.06 0.024000  0.447233 0.359950        18           0   605.315975
w+15.0_p-02.0_m030      15.0     -2.0        2.958679  0.03 0.024000  0.874199 0.151118        18           0   640.042349
w+15.0_p-02.0_m060      15.0     -2.0        2.958679  0.06 0.024000  0.874199 0.179576        18           0   647.552050
w+15.0_p+04.0_m120      15.0      4.0       -0.787659  0.12 0.024000  0.540376      NaN         4           0   143.158618
w+15.0_p+06.0_m120      15.0      6.0       -2.051086  0.12 0.024000  0.869830      NaN         4           0   147.887430
w+15.0_p+04.0_m030      15.0      4.0       -0.787659  0.03 0.024000  0.540376 0.179149        18           0   458.042298
w+15.0_p+02.0_m060      15.0      2.0        0.476990  0.06 0.024001  0.815129 0.481820        18           0   715.260775
w+15.0_p+06.0_m030      15.0      6.0       -2.051086  0.03 0.024000  0.869830 0.176127        18           0   474.523188
w+15.0_p+04.0_m060      15.0      4.0       -0.787659  0.06 0.024000  0.540376 0.402672        18           0   579.652870
w+15.0_p+08.0_m120      15.0      8.0       -3.310852  0.12 0.024001  0.801999      NaN         4           0   153.741292
w+15.0_p+06.0_m060      15.0      6.0       -2.051086  0.06 0.024000  0.869830 0.385006        18           0   651.226982
w+15.0_p+10.0_m120      15.0     10.0       -4.564514  0.12 0.024000  0.447233      NaN         4           0   149.679842
w+15.0_p+08.0_m030      15.0      8.0       -3.310852  0.03 0.024001  0.801999 0.176127        18           0   514.553656
w+15.0_p+10.0_m030      15.0     10.0       -4.564514  0.03 0.024000  0.447233 0.176127        18           0   484.684410
w+15.0_p+08.0_m060      15.0      8.0       -3.310852  0.06 0.024001  0.801999 0.368115        18           0   665.040467
w+15.0_p+10.0_m060      15.0     10.0       -4.564514  0.06 0.024000  0.447233 0.359950        18           0   496.122553
